{"/Users/macbook/Documents/Code/Hacktiv8/Phase 2/Challenge/IP-HCK71/server/app.js": {"path":"/Users/macbook/Documents/Code/Hacktiv8/Phase 2/Challenge/IP-HCK71/server/app.js","statementMap":{"0":{"start":{"line":1,"column":0},"end":{"line":3,"column":1}},"1":{"start":{"line":2,"column":2},"end":{"line":2,"column":29}},"2":{"start":{"line":5,"column":16},"end":{"line":5,"column":34}},"3":{"start":{"line":6,"column":12},"end":{"line":6,"column":21}},"4":{"start":{"line":7,"column":15},"end":{"line":7,"column":35}},"5":{"start":{"line":9,"column":13},"end":{"line":9,"column":28}},"6":{"start":{"line":11,"column":0},"end":{"line":11,"column":16}},"7":{"start":{"line":12,"column":0},"end":{"line":14,"column":3}},"8":{"start":{"line":13,"column":2},"end":{"line":13,"column":26}},"9":{"start":{"line":16,"column":0},"end":{"line":16,"column":48}},"10":{"start":{"line":17,"column":0},"end":{"line":17,"column":24}},"11":{"start":{"line":19,"column":0},"end":{"line":19,"column":21}},"12":{"start":{"line":21,"column":0},"end":{"line":21,"column":21}}},"fnMap":{"0":{"name":"(anonymous_0)","decl":{"start":{"line":12,"column":17},"end":{"line":12,"column":18}},"loc":{"start":{"line":12,"column":31},"end":{"line":14,"column":1}},"line":12}},"branchMap":{"0":{"loc":{"start":{"line":1,"column":0},"end":{"line":3,"column":1}},"type":"if","locations":[{"start":{"line":1,"column":0},"end":{"line":3,"column":1}},{"start":{},"end":{}}],"line":1}},"s":{"0":1,"1":1,"2":1,"3":1,"4":1,"5":1,"6":1,"7":1,"8":0,"9":1,"10":1,"11":1,"12":1},"f":{"0":0},"b":{"0":[1,0]},"_coverageSchema":"1a1c01bbd47fc00a2c39e90264f33305004495a9","hash":"d33503dbca90e259bdd3f138c60a80b925c33137"}
,"/Users/macbook/Documents/Code/Hacktiv8/Phase 2/Challenge/IP-HCK71/server/controllers/openAIController/openAIController.js": {"path":"/Users/macbook/Documents/Code/Hacktiv8/Phase 2/Challenge/IP-HCK71/server/controllers/openAIController/openAIController.js","statementMap":{"0":{"start":{"line":1,"column":19},"end":{"line":1,"column":36}},"1":{"start":{"line":2,"column":0},"end":{"line":2,"column":27}},"2":{"start":{"line":4,"column":0},"end":{"line":80,"column":2}},"3":{"start":{"line":5,"column":17},"end":{"line":7,"column":4}},"4":{"start":{"line":10,"column":26},"end":{"line":13,"column":5}},"5":{"start":{"line":10,"column":49},"end":{"line":13,"column":3}},"6":{"start":{"line":16,"column":2},"end":{"line":26,"column":3}},"7":{"start":{"line":17,"column":4},"end":{"line":20,"column":7}},"8":{"start":{"line":22,"column":4},"end":{"line":25,"column":7}},"9":{"start":{"line":29,"column":23},"end":{"line":29,"column":87}},"10":{"start":{"line":31,"column":2},"end":{"line":72,"column":5}},"11":{"start":{"line":74,"column":21},"end":{"line":77,"column":4}},"12":{"start":{"line":79,"column":2},"end":{"line":79,"column":47}}},"fnMap":{"0":{"name":"openAI","decl":{"start":{"line":4,"column":32},"end":{"line":4,"column":38}},"loc":{"start":{"line":4,"column":67},"end":{"line":80,"column":1}},"line":4},"1":{"name":"(anonymous_1)","decl":{"start":{"line":10,"column":38},"end":{"line":10,"column":39}},"loc":{"start":{"line":10,"column":49},"end":{"line":13,"column":3}},"line":10}},"branchMap":{"0":{"loc":{"start":{"line":16,"column":2},"end":{"line":26,"column":3}},"type":"if","locations":[{"start":{"line":16,"column":2},"end":{"line":26,"column":3}},{"start":{"line":21,"column":9},"end":{"line":26,"column":3}}],"line":16},"1":{"loc":{"start":{"line":29,"column":23},"end":{"line":29,"column":87}},"type":"cond-expr","locations":[{"start":{"line":29,"column":44},"end":{"line":29,"column":80}},{"start":{"line":29,"column":83},"end":{"line":29,"column":87}}],"line":29},"2":{"loc":{"start":{"line":34,"column":4},"end":{"line":71,"column":5}},"type":"cond-expr","locations":[{"start":{"line":35,"column":4},"end":{"line":48,"column":5}},{"start":{"line":48,"column":8},"end":{"line":71,"column":5}}],"line":34}},"s":{"0":1,"1":1,"2":1,"3":0,"4":0,"5":0,"6":0,"7":0,"8":0,"9":0,"10":0,"11":0,"12":0},"f":{"0":0,"1":0},"b":{"0":[0,0],"1":[0,0],"2":[0,0]},"_coverageSchema":"1a1c01bbd47fc00a2c39e90264f33305004495a9","hash":"2538645c49946af52499b24c55257603eaced79a"}
,"/Users/macbook/Documents/Code/Hacktiv8/Phase 2/Challenge/IP-HCK71/server/controllers/userController/userController.js": {"path":"/Users/macbook/Documents/Code/Hacktiv8/Phase 2/Challenge/IP-HCK71/server/controllers/userController/userController.js","statementMap":{"0":{"start":{"line":1,"column":18},"end":{"line":1,"column":38}},"1":{"start":{"line":5,"column":4},"end":{"line":5,"column":42}},"2":{"start":{"line":6,"column":22},"end":{"line":6,"column":54}},"3":{"start":{"line":7,"column":17},"end":{"line":7,"column":40}},"4":{"start":{"line":11,"column":4},"end":{"line":16,"column":5}},"5":{"start":{"line":12,"column":19},"end":{"line":12,"column":39}},"6":{"start":{"line":13,"column":6},"end":{"line":13,"column":33}},"7":{"start":{"line":15,"column":6},"end":{"line":15,"column":18}},"8":{"start":{"line":20,"column":4},"end":{"line":35,"column":5}},"9":{"start":{"line":21,"column":19},"end":{"line":21,"column":27}},"10":{"start":{"line":26,"column":23},"end":{"line":26,"column":46}},"11":{"start":{"line":27,"column":6},"end":{"line":27,"column":48}},"12":{"start":{"line":27,"column":21},"end":{"line":27,"column":48}},"13":{"start":{"line":29,"column":6},"end":{"line":32,"column":9}},"14":{"start":{"line":34,"column":6},"end":{"line":34,"column":18}},"15":{"start":{"line":39,"column":4},"end":{"line":50,"column":5}},"16":{"start":{"line":40,"column":42},"end":{"line":40,"column":50}},"17":{"start":{"line":41,"column":17},"end":{"line":45,"column":8}},"18":{"start":{"line":47,"column":6},"end":{"line":47,"column":87}},"19":{"start":{"line":49,"column":6},"end":{"line":49,"column":18}},"20":{"start":{"line":54,"column":4},"end":{"line":80,"column":5}},"21":{"start":{"line":55,"column":32},"end":{"line":55,"column":40}},"22":{"start":{"line":57,"column":6},"end":{"line":59,"column":7}},"23":{"start":{"line":58,"column":8},"end":{"line":58,"column":37}},"24":{"start":{"line":61,"column":6},"end":{"line":63,"column":7}},"25":{"start":{"line":62,"column":8},"end":{"line":62,"column":40}},"26":{"start":{"line":65,"column":17},"end":{"line":69,"column":8}},"27":{"start":{"line":71,"column":6},"end":{"line":72,"column":39}},"28":{"start":{"line":72,"column":8},"end":{"line":72,"column":39}},"29":{"start":{"line":74,"column":6},"end":{"line":77,"column":9}},"30":{"start":{"line":79,"column":6},"end":{"line":79,"column":18}},"31":{"start":{"line":84,"column":4},"end":{"line":101,"column":5}},"32":{"start":{"line":85,"column":19},"end":{"line":85,"column":27}},"33":{"start":{"line":86,"column":27},"end":{"line":86,"column":50}},"34":{"start":{"line":88,"column":31},"end":{"line":88,"column":39}},"35":{"start":{"line":90,"column":6},"end":{"line":95,"column":8}},"36":{"start":{"line":97,"column":6},"end":{"line":97,"column":58}},"37":{"start":{"line":99,"column":6},"end":{"line":99,"column":25}},"38":{"start":{"line":100,"column":6},"end":{"line":100,"column":18}},"39":{"start":{"line":105,"column":4},"end":{"line":115,"column":5}},"40":{"start":{"line":106,"column":19},"end":{"line":106,"column":27}},"41":{"start":{"line":107,"column":25},"end":{"line":107,"column":48}},"42":{"start":{"line":109,"column":6},"end":{"line":109,"column":35}},"43":{"start":{"line":111,"column":6},"end":{"line":111,"column":85}},"44":{"start":{"line":113,"column":6},"end":{"line":113,"column":25}},"45":{"start":{"line":114,"column":6},"end":{"line":114,"column":18}},"46":{"start":{"line":119,"column":0},"end":{"line":119,"column":32}}},"fnMap":{"0":{"name":"(anonymous_0)","decl":{"start":{"line":10,"column":2},"end":{"line":10,"column":3}},"loc":{"start":{"line":10,"column":39},"end":{"line":17,"column":3}},"line":10},"1":{"name":"(anonymous_1)","decl":{"start":{"line":19,"column":2},"end":{"line":19,"column":3}},"loc":{"start":{"line":19,"column":43},"end":{"line":36,"column":3}},"line":19},"2":{"name":"(anonymous_2)","decl":{"start":{"line":38,"column":2},"end":{"line":38,"column":3}},"loc":{"start":{"line":38,"column":44},"end":{"line":51,"column":3}},"line":38},"3":{"name":"(anonymous_3)","decl":{"start":{"line":53,"column":2},"end":{"line":53,"column":3}},"loc":{"start":{"line":53,"column":41},"end":{"line":81,"column":3}},"line":53},"4":{"name":"(anonymous_4)","decl":{"start":{"line":83,"column":2},"end":{"line":83,"column":3}},"loc":{"start":{"line":83,"column":46},"end":{"line":102,"column":3}},"line":83},"5":{"name":"(anonymous_5)","decl":{"start":{"line":104,"column":2},"end":{"line":104,"column":3}},"loc":{"start":{"line":104,"column":46},"end":{"line":116,"column":3}},"line":104}},"branchMap":{"0":{"loc":{"start":{"line":27,"column":6},"end":{"line":27,"column":48}},"type":"if","locations":[{"start":{"line":27,"column":6},"end":{"line":27,"column":48}},{"start":{},"end":{}}],"line":27},"1":{"loc":{"start":{"line":57,"column":6},"end":{"line":59,"column":7}},"type":"if","locations":[{"start":{"line":57,"column":6},"end":{"line":59,"column":7}},{"start":{},"end":{}}],"line":57},"2":{"loc":{"start":{"line":61,"column":6},"end":{"line":63,"column":7}},"type":"if","locations":[{"start":{"line":61,"column":6},"end":{"line":63,"column":7}},{"start":{},"end":{}}],"line":61},"3":{"loc":{"start":{"line":71,"column":6},"end":{"line":72,"column":39}},"type":"if","locations":[{"start":{"line":71,"column":6},"end":{"line":72,"column":39}},{"start":{},"end":{}}],"line":71},"4":{"loc":{"start":{"line":71,"column":10},"end":{"line":71,"column":60}},"type":"binary-expr","locations":[{"start":{"line":71,"column":10},"end":{"line":71,"column":15}},{"start":{"line":71,"column":19},"end":{"line":71,"column":60}}],"line":71}},"s":{"0":1,"1":1,"2":1,"3":1,"4":0,"5":0,"6":0,"7":0,"8":0,"9":0,"10":0,"11":0,"12":0,"13":0,"14":0,"15":2,"16":2,"17":2,"18":1,"19":1,"20":5,"21":5,"22":5,"23":1,"24":4,"25":1,"26":3,"27":3,"28":2,"29":1,"30":4,"31":0,"32":0,"33":0,"34":0,"35":0,"36":0,"37":0,"38":0,"39":0,"40":0,"41":0,"42":0,"43":0,"44":0,"45":0,"46":1},"f":{"0":0,"1":0,"2":2,"3":5,"4":0,"5":0},"b":{"0":[0,0],"1":[1,4],"2":[1,3],"3":[2,1],"4":[3,1]},"_coverageSchema":"1a1c01bbd47fc00a2c39e90264f33305004495a9","hash":"1c21e20acb735e9f60803f244415c12d02524b70"}
,"/Users/macbook/Documents/Code/Hacktiv8/Phase 2/Challenge/IP-HCK71/server/helpers/bcrypt/bcrypt.js": {"path":"/Users/macbook/Documents/Code/Hacktiv8/Phase 2/Challenge/IP-HCK71/server/helpers/bcrypt/bcrypt.js","statementMap":{"0":{"start":{"line":1,"column":34},"end":{"line":1,"column":53}},"1":{"start":{"line":3,"column":0},"end":{"line":10,"column":2}},"2":{"start":{"line":5,"column":4},"end":{"line":5,"column":34}},"3":{"start":{"line":8,"column":4},"end":{"line":8,"column":48}}},"fnMap":{"0":{"name":"(anonymous_0)","decl":{"start":{"line":4,"column":16},"end":{"line":4,"column":17}},"loc":{"start":{"line":4,"column":30},"end":{"line":6,"column":3}},"line":4},"1":{"name":"(anonymous_1)","decl":{"start":{"line":7,"column":19},"end":{"line":7,"column":20}},"loc":{"start":{"line":7,"column":49},"end":{"line":9,"column":3}},"line":7}},"branchMap":{},"s":{"0":1,"1":1,"2":2,"3":1},"f":{"0":2,"1":1},"b":{},"_coverageSchema":"1a1c01bbd47fc00a2c39e90264f33305004495a9","hash":"5811a7367512100dc12a7edf63ad4b6534727937"}
,"/Users/macbook/Documents/Code/Hacktiv8/Phase 2/Challenge/IP-HCK71/server/helpers/jwt/jwt.js": {"path":"/Users/macbook/Documents/Code/Hacktiv8/Phase 2/Challenge/IP-HCK71/server/helpers/jwt/jwt.js","statementMap":{"0":{"start":{"line":1,"column":25},"end":{"line":1,"column":48}},"1":{"start":{"line":2,"column":13},"end":{"line":2,"column":35}},"2":{"start":{"line":4,"column":0},"end":{"line":7,"column":2}},"3":{"start":{"line":5,"column":26},"end":{"line":5,"column":47}},"4":{"start":{"line":6,"column":26},"end":{"line":6,"column":47}}},"fnMap":{"0":{"name":"(anonymous_0)","decl":{"start":{"line":5,"column":13},"end":{"line":5,"column":14}},"loc":{"start":{"line":5,"column":26},"end":{"line":5,"column":47}},"line":5},"1":{"name":"(anonymous_1)","decl":{"start":{"line":6,"column":15},"end":{"line":6,"column":16}},"loc":{"start":{"line":6,"column":26},"end":{"line":6,"column":47}},"line":6}},"branchMap":{},"s":{"0":1,"1":1,"2":1,"3":1,"4":0},"f":{"0":1,"1":0},"b":{},"_coverageSchema":"1a1c01bbd47fc00a2c39e90264f33305004495a9","hash":"e71be232a13ee58dbee5a1599bf76c1aa2ac0f75"}
,"/Users/macbook/Documents/Code/Hacktiv8/Phase 2/Challenge/IP-HCK71/server/middlewares/authentication/authentication.js": {"path":"/Users/macbook/Documents/Code/Hacktiv8/Phase 2/Challenge/IP-HCK71/server/middlewares/authentication/authentication.js","statementMap":{"0":{"start":{"line":1,"column":35},"end":{"line":1,"column":67}},"1":{"start":{"line":2,"column":17},"end":{"line":2,"column":40}},"2":{"start":{"line":4,"column":23},"end":{"line":23,"column":1}},"3":{"start":{"line":5,"column":2},"end":{"line":22,"column":3}},"4":{"start":{"line":6,"column":22},"end":{"line":6,"column":47}},"5":{"start":{"line":7,"column":4},"end":{"line":7,"column":53}},"6":{"start":{"line":7,"column":22},"end":{"line":7,"column":53}},"7":{"start":{"line":9,"column":28},"end":{"line":9,"column":50}},"8":{"start":{"line":10,"column":4},"end":{"line":10,"column":60}},"9":{"start":{"line":10,"column":29},"end":{"line":10,"column":60}},"10":{"start":{"line":12,"column":20},"end":{"line":12,"column":38}},"11":{"start":{"line":13,"column":17},"end":{"line":13,"column":48}},"12":{"start":{"line":15,"column":4},"end":{"line":15,"column":46}},"13":{"start":{"line":15,"column":15},"end":{"line":15,"column":46}},"14":{"start":{"line":16,"column":4},"end":{"line":18,"column":8}},"15":{"start":{"line":19,"column":6},"end":{"line":19,"column":13}},"16":{"start":{"line":21,"column":4},"end":{"line":21,"column":16}},"17":{"start":{"line":25,"column":0},"end":{"line":25,"column":32}}},"fnMap":{"0":{"name":"(anonymous_0)","decl":{"start":{"line":4,"column":23},"end":{"line":4,"column":24}},"loc":{"start":{"line":4,"column":49},"end":{"line":23,"column":1}},"line":4}},"branchMap":{"0":{"loc":{"start":{"line":7,"column":4},"end":{"line":7,"column":53}},"type":"if","locations":[{"start":{"line":7,"column":4},"end":{"line":7,"column":53}},{"start":{},"end":{}}],"line":7},"1":{"loc":{"start":{"line":10,"column":4},"end":{"line":10,"column":60}},"type":"if","locations":[{"start":{"line":10,"column":4},"end":{"line":10,"column":60}},{"start":{},"end":{}}],"line":10},"2":{"loc":{"start":{"line":15,"column":4},"end":{"line":15,"column":46}},"type":"if","locations":[{"start":{"line":15,"column":4},"end":{"line":15,"column":46}},{"start":{},"end":{}}],"line":15}},"s":{"0":1,"1":1,"2":1,"3":0,"4":0,"5":0,"6":0,"7":0,"8":0,"9":0,"10":0,"11":0,"12":0,"13":0,"14":0,"15":0,"16":0,"17":1},"f":{"0":0},"b":{"0":[0,0],"1":[0,0],"2":[0,0]},"_coverageSchema":"1a1c01bbd47fc00a2c39e90264f33305004495a9","hash":"b5a573a71a1b23e82b257a43f93b4eb86de16a4c"}
,"/Users/macbook/Documents/Code/Hacktiv8/Phase 2/Challenge/IP-HCK71/server/middlewares/authorization/authorization.js": {"path":"/Users/macbook/Documents/Code/Hacktiv8/Phase 2/Challenge/IP-HCK71/server/middlewares/authorization/authorization.js","statementMap":{"0":{"start":{"line":1,"column":17},"end":{"line":1,"column":41}},"1":{"start":{"line":3,"column":22},"end":{"line":18,"column":1}},"2":{"start":{"line":4,"column":2},"end":{"line":17,"column":3}},"3":{"start":{"line":5,"column":15},"end":{"line":5,"column":38}},"4":{"start":{"line":6,"column":4},"end":{"line":6,"column":42}},"5":{"start":{"line":6,"column":15},"end":{"line":6,"column":42}},"6":{"start":{"line":8,"column":4},"end":{"line":14,"column":5}},"7":{"start":{"line":9,"column":6},"end":{"line":9,"column":13}},"8":{"start":{"line":11,"column":6},"end":{"line":13,"column":8}},"9":{"start":{"line":16,"column":4},"end":{"line":16,"column":16}},"10":{"start":{"line":20,"column":0},"end":{"line":20,"column":35}}},"fnMap":{"0":{"name":"(anonymous_0)","decl":{"start":{"line":3,"column":22},"end":{"line":3,"column":23}},"loc":{"start":{"line":3,"column":48},"end":{"line":18,"column":1}},"line":3}},"branchMap":{"0":{"loc":{"start":{"line":6,"column":4},"end":{"line":6,"column":42}},"type":"if","locations":[{"start":{"line":6,"column":4},"end":{"line":6,"column":42}},{"start":{},"end":{}}],"line":6},"1":{"loc":{"start":{"line":8,"column":4},"end":{"line":14,"column":5}},"type":"if","locations":[{"start":{"line":8,"column":4},"end":{"line":14,"column":5}},{"start":{"line":10,"column":11},"end":{"line":14,"column":5}}],"line":8}},"s":{"0":1,"1":1,"2":0,"3":0,"4":0,"5":0,"6":0,"7":0,"8":0,"9":0,"10":1},"f":{"0":0},"b":{"0":[0,0],"1":[0,0]},"_coverageSchema":"1a1c01bbd47fc00a2c39e90264f33305004495a9","hash":"34587582eca71f0d6ec052262937f9262243e971"}
,"/Users/macbook/Documents/Code/Hacktiv8/Phase 2/Challenge/IP-HCK71/server/middlewares/errorHandler/errorHandler.js": {"path":"/Users/macbook/Documents/Code/Hacktiv8/Phase 2/Challenge/IP-HCK71/server/middlewares/errorHandler/errorHandler.js","statementMap":{"0":{"start":{"line":1,"column":0},"end":{"line":48,"column":2}},"1":{"start":{"line":2,"column":15},"end":{"line":2,"column":34}},"2":{"start":{"line":3,"column":16},"end":{"line":3,"column":56}},"3":{"start":{"line":5,"column":2},"end":{"line":44,"column":3}},"4":{"start":{"line":7,"column":6},"end":{"line":7,"column":19}},"5":{"start":{"line":8,"column":6},"end":{"line":8,"column":45}},"6":{"start":{"line":9,"column":6},"end":{"line":9,"column":12}},"7":{"start":{"line":12,"column":6},"end":{"line":12,"column":19}},"8":{"start":{"line":13,"column":6},"end":{"line":13,"column":40}},"9":{"start":{"line":14,"column":6},"end":{"line":14,"column":12}},"10":{"start":{"line":16,"column":6},"end":{"line":16,"column":19}},"11":{"start":{"line":17,"column":6},"end":{"line":17,"column":46}},"12":{"start":{"line":18,"column":6},"end":{"line":18,"column":12}},"13":{"start":{"line":21,"column":6},"end":{"line":21,"column":19}},"14":{"start":{"line":22,"column":6},"end":{"line":22,"column":31}},"15":{"start":{"line":23,"column":6},"end":{"line":23,"column":12}},"16":{"start":{"line":25,"column":6},"end":{"line":25,"column":19}},"17":{"start":{"line":26,"column":6},"end":{"line":26,"column":41}},"18":{"start":{"line":27,"column":6},"end":{"line":27,"column":12}},"19":{"start":{"line":29,"column":6},"end":{"line":29,"column":19}},"20":{"start":{"line":30,"column":6},"end":{"line":30,"column":33}},"21":{"start":{"line":31,"column":6},"end":{"line":31,"column":12}},"22":{"start":{"line":33,"column":6},"end":{"line":33,"column":19}},"23":{"start":{"line":34,"column":6},"end":{"line":34,"column":32}},"24":{"start":{"line":35,"column":6},"end":{"line":35,"column":12}},"25":{"start":{"line":37,"column":6},"end":{"line":37,"column":19}},"26":{"start":{"line":38,"column":6},"end":{"line":38,"column":40}},"27":{"start":{"line":39,"column":6},"end":{"line":39,"column":12}},"28":{"start":{"line":41,"column":6},"end":{"line":41,"column":19}},"29":{"start":{"line":42,"column":6},"end":{"line":42,"column":43}},"30":{"start":{"line":43,"column":6},"end":{"line":43,"column":12}},"31":{"start":{"line":45,"column":2},"end":{"line":47,"column":5}}},"fnMap":{"0":{"name":"errorHandler","decl":{"start":{"line":1,"column":26},"end":{"line":1,"column":38}},"loc":{"start":{"line":1,"column":71},"end":{"line":48,"column":1}},"line":1}},"branchMap":{"0":{"loc":{"start":{"line":2,"column":15},"end":{"line":2,"column":34}},"type":"binary-expr","locations":[{"start":{"line":2,"column":15},"end":{"line":2,"column":27}},{"start":{"line":2,"column":31},"end":{"line":2,"column":34}}],"line":2},"1":{"loc":{"start":{"line":3,"column":16},"end":{"line":3,"column":56}},"type":"binary-expr","locations":[{"start":{"line":3,"column":16},"end":{"line":3,"column":29}},{"start":{"line":3,"column":33},"end":{"line":3,"column":56}}],"line":3},"2":{"loc":{"start":{"line":5,"column":2},"end":{"line":44,"column":3}},"type":"switch","locations":[{"start":{"line":6,"column":4},"end":{"line":9,"column":12}},{"start":{"line":10,"column":4},"end":{"line":10,"column":42}},{"start":{"line":11,"column":4},"end":{"line":14,"column":12}},{"start":{"line":15,"column":4},"end":{"line":18,"column":12}},{"start":{"line":19,"column":4},"end":{"line":19,"column":24}},{"start":{"line":20,"column":4},"end":{"line":23,"column":12}},{"start":{"line":24,"column":4},"end":{"line":27,"column":12}},{"start":{"line":28,"column":4},"end":{"line":31,"column":12}},{"start":{"line":32,"column":4},"end":{"line":35,"column":12}},{"start":{"line":36,"column":4},"end":{"line":39,"column":12}},{"start":{"line":40,"column":4},"end":{"line":43,"column":12}}],"line":5}},"s":{"0":1,"1":5,"2":5,"3":5,"4":0,"5":0,"6":0,"7":1,"8":1,"9":1,"10":0,"11":0,"12":0,"13":0,"14":0,"15":0,"16":0,"17":0,"18":0,"19":0,"20":0,"21":0,"22":2,"23":2,"24":2,"25":1,"26":1,"27":1,"28":1,"29":1,"30":1,"31":5},"f":{"0":5},"b":{"0":[5,5],"1":[5,4],"2":[0,0,1,0,0,0,0,0,2,1,1]},"_coverageSchema":"1a1c01bbd47fc00a2c39e90264f33305004495a9","hash":"b2af6ec35e624fed128f9fddf91c02e391f3606b"}
,"/Users/macbook/Documents/Code/Hacktiv8/Phase 2/Challenge/IP-HCK71/server/models/index.js": {"path":"/Users/macbook/Documents/Code/Hacktiv8/Phase 2/Challenge/IP-HCK71/server/models/index.js","statementMap":{"0":{"start":{"line":3,"column":11},"end":{"line":3,"column":24}},"1":{"start":{"line":4,"column":13},"end":{"line":4,"column":28}},"2":{"start":{"line":5,"column":18},"end":{"line":5,"column":38}},"3":{"start":{"line":6,"column":16},"end":{"line":6,"column":34}},"4":{"start":{"line":7,"column":17},"end":{"line":7,"column":42}},"5":{"start":{"line":8,"column":12},"end":{"line":8,"column":49}},"6":{"start":{"line":9,"column":15},"end":{"line":9,"column":65}},"7":{"start":{"line":10,"column":11},"end":{"line":10,"column":13}},"8":{"start":{"line":13,"column":0},"end":{"line":17,"column":1}},"9":{"start":{"line":14,"column":2},"end":{"line":14,"column":74}},"10":{"start":{"line":16,"column":2},"end":{"line":16,"column":87}},"11":{"start":{"line":19,"column":0},"end":{"line":32,"column":5}},"12":{"start":{"line":22,"column":4},"end":{"line":27,"column":6}},"13":{"start":{"line":30,"column":18},"end":{"line":30,"column":85}},"14":{"start":{"line":31,"column":4},"end":{"line":31,"column":27}},"15":{"start":{"line":34,"column":0},"end":{"line":38,"column":3}},"16":{"start":{"line":35,"column":2},"end":{"line":37,"column":3}},"17":{"start":{"line":36,"column":4},"end":{"line":36,"column":32}},"18":{"start":{"line":40,"column":0},"end":{"line":40,"column":25}},"19":{"start":{"line":41,"column":0},"end":{"line":41,"column":25}},"20":{"start":{"line":43,"column":0},"end":{"line":43,"column":20}}},"fnMap":{"0":{"name":"(anonymous_0)","decl":{"start":{"line":21,"column":10},"end":{"line":21,"column":11}},"loc":{"start":{"line":21,"column":18},"end":{"line":28,"column":3}},"line":21},"1":{"name":"(anonymous_1)","decl":{"start":{"line":29,"column":11},"end":{"line":29,"column":12}},"loc":{"start":{"line":29,"column":19},"end":{"line":32,"column":3}},"line":29},"2":{"name":"(anonymous_2)","decl":{"start":{"line":34,"column":24},"end":{"line":34,"column":25}},"loc":{"start":{"line":34,"column":37},"end":{"line":38,"column":1}},"line":34}},"branchMap":{"0":{"loc":{"start":{"line":8,"column":12},"end":{"line":8,"column":49}},"type":"binary-expr","locations":[{"start":{"line":8,"column":12},"end":{"line":8,"column":32}},{"start":{"line":8,"column":36},"end":{"line":8,"column":49}}],"line":8},"1":{"loc":{"start":{"line":13,"column":0},"end":{"line":17,"column":1}},"type":"if","locations":[{"start":{"line":13,"column":0},"end":{"line":17,"column":1}},{"start":{"line":15,"column":7},"end":{"line":17,"column":1}}],"line":13},"2":{"loc":{"start":{"line":23,"column":6},"end":{"line":26,"column":37}},"type":"binary-expr","locations":[{"start":{"line":23,"column":6},"end":{"line":23,"column":29}},{"start":{"line":24,"column":6},"end":{"line":24,"column":23}},{"start":{"line":25,"column":6},"end":{"line":25,"column":30}},{"start":{"line":26,"column":6},"end":{"line":26,"column":37}}],"line":23},"3":{"loc":{"start":{"line":35,"column":2},"end":{"line":37,"column":3}},"type":"if","locations":[{"start":{"line":35,"column":2},"end":{"line":37,"column":3}},{"start":{},"end":{}}],"line":35}},"s":{"0":1,"1":1,"2":1,"3":1,"4":1,"5":1,"6":1,"7":1,"8":1,"9":0,"10":1,"11":1,"12":2,"13":1,"14":1,"15":1,"16":1,"17":1,"18":1,"19":1,"20":1},"f":{"0":2,"1":1,"2":1},"b":{"0":[1,0],"1":[0,1],"2":[2,2,1,1],"3":[1,0]},"_coverageSchema":"1a1c01bbd47fc00a2c39e90264f33305004495a9","hash":"ff3cef1da046b1813489cd051595aa807e7ac43e"}
,"/Users/macbook/Documents/Code/Hacktiv8/Phase 2/Challenge/IP-HCK71/server/models/user.js": {"path":"/Users/macbook/Documents/Code/Hacktiv8/Phase 2/Challenge/IP-HCK71/server/models/user.js","statementMap":{"0":{"start":{"line":2,"column":18},"end":{"line":2,"column":38}},"1":{"start":{"line":3,"column":25},"end":{"line":3,"column":60}},"2":{"start":{"line":4,"column":0},"end":{"line":77,"column":2}},"3":{"start":{"line":15,"column":2},"end":{"line":75,"column":4}},"4":{"start":{"line":71,"column":10},"end":{"line":71,"column":54}},"5":{"start":{"line":76,"column":2},"end":{"line":76,"column":14}}},"fnMap":{"0":{"name":"(anonymous_0)","decl":{"start":{"line":4,"column":17},"end":{"line":4,"column":18}},"loc":{"start":{"line":4,"column":43},"end":{"line":77,"column":1}},"line":4},"1":{"name":"(anonymous_1)","decl":{"start":{"line":11,"column":4},"end":{"line":11,"column":5}},"loc":{"start":{"line":11,"column":29},"end":{"line":13,"column":5}},"line":11},"2":{"name":"(anonymous_2)","decl":{"start":{"line":70,"column":22},"end":{"line":70,"column":23}},"loc":{"start":{"line":70,"column":40},"end":{"line":72,"column":9}},"line":70}},"branchMap":{},"s":{"0":1,"1":1,"2":1,"3":1,"4":1,"5":1},"f":{"0":1,"1":1,"2":1},"b":{},"_coverageSchema":"1a1c01bbd47fc00a2c39e90264f33305004495a9","hash":"4279782d5392bb4ecee162f85cb72f0729eeaf9a"}
,"/Users/macbook/Documents/Code/Hacktiv8/Phase 2/Challenge/IP-HCK71/server/routers/index.js": {"path":"/Users/macbook/Documents/Code/Hacktiv8/Phase 2/Challenge/IP-HCK71/server/routers/index.js","statementMap":{"0":{"start":{"line":1,"column":16},"end":{"line":1,"column":34}},"1":{"start":{"line":2,"column":15},"end":{"line":2,"column":31}},"2":{"start":{"line":4,"column":23},"end":{"line":4,"column":78}},"3":{"start":{"line":5,"column":15},"end":{"line":5,"column":74}},"4":{"start":{"line":7,"column":21},"end":{"line":7,"column":72}},"5":{"start":{"line":8,"column":23},"end":{"line":8,"column":78}},"6":{"start":{"line":9,"column":22},"end":{"line":9,"column":75}},"7":{"start":{"line":11,"column":0},"end":{"line":11,"column":15}},"8":{"start":{"line":12,"column":0},"end":{"line":12,"column":53}},"9":{"start":{"line":13,"column":0},"end":{"line":13,"column":47}},"10":{"start":{"line":15,"column":0},"end":{"line":15,"column":26}},"11":{"start":{"line":17,"column":0},"end":{"line":17,"column":50}},"12":{"start":{"line":18,"column":0},"end":{"line":18,"column":57}},"13":{"start":{"line":19,"column":0},"end":{"line":19,"column":55}},"14":{"start":{"line":23,"column":14},"end":{"line":23,"column":16}},"15":{"start":{"line":24,"column":12},"end":{"line":24,"column":16}},"16":{"start":{"line":25,"column":0},"end":{"line":63,"column":7}},"17":{"start":{"line":26,"column":27},"end":{"line":26,"column":35}},"18":{"start":{"line":27,"column":4},"end":{"line":62,"column":7}},"19":{"start":{"line":29,"column":8},"end":{"line":37,"column":9}},"20":{"start":{"line":30,"column":10},"end":{"line":30,"column":29}},"21":{"start":{"line":31,"column":34},"end":{"line":34,"column":11}},"22":{"start":{"line":35,"column":10},"end":{"line":35,"column":36}},"23":{"start":{"line":36,"column":10},"end":{"line":36,"column":17}},"24":{"start":{"line":39,"column":31},"end":{"line":39,"column":71}},"25":{"start":{"line":40,"column":25},"end":{"line":40,"column":51}},"26":{"start":{"line":43,"column":8},"end":{"line":45,"column":9}},"27":{"start":{"line":44,"column":10},"end":{"line":44,"column":58}},"28":{"start":{"line":48,"column":8},"end":{"line":54,"column":9}},"29":{"start":{"line":49,"column":10},"end":{"line":49,"column":23}},"30":{"start":{"line":50,"column":10},"end":{"line":50,"column":23}},"31":{"start":{"line":51,"column":15},"end":{"line":54,"column":9}},"32":{"start":{"line":53,"column":10},"end":{"line":53,"column":70}},"33":{"start":{"line":56,"column":8},"end":{"line":56,"column":30}},"34":{"start":{"line":57,"column":8},"end":{"line":57,"column":27}},"35":{"start":{"line":60,"column":8},"end":{"line":60,"column":27}},"36":{"start":{"line":61,"column":8},"end":{"line":61,"column":92}},"37":{"start":{"line":66,"column":0},"end":{"line":66,"column":25}},"38":{"start":{"line":68,"column":0},"end":{"line":68,"column":24}}},"fnMap":{"0":{"name":"(anonymous_0)","decl":{"start":{"line":25,"column":21},"end":{"line":25,"column":22}},"loc":{"start":{"line":25,"column":41},"end":{"line":63,"column":5}},"line":25}},"branchMap":{"0":{"loc":{"start":{"line":29,"column":8},"end":{"line":37,"column":9}},"type":"if","locations":[{"start":{"line":29,"column":8},"end":{"line":37,"column":9}},{"start":{},"end":{}}],"line":29},"1":{"loc":{"start":{"line":43,"column":8},"end":{"line":45,"column":9}},"type":"if","locations":[{"start":{"line":43,"column":8},"end":{"line":45,"column":9}},{"start":{},"end":{}}],"line":43},"2":{"loc":{"start":{"line":48,"column":8},"end":{"line":54,"column":9}},"type":"if","locations":[{"start":{"line":48,"column":8},"end":{"line":54,"column":9}},{"start":{"line":51,"column":15},"end":{"line":54,"column":9}}],"line":48},"3":{"loc":{"start":{"line":51,"column":15},"end":{"line":54,"column":9}},"type":"if","locations":[{"start":{"line":51,"column":15},"end":{"line":54,"column":9}},{"start":{},"end":{}}],"line":51}},"s":{"0":1,"1":1,"2":1,"3":1,"4":1,"5":1,"6":1,"7":1,"8":1,"9":1,"10":1,"11":1,"12":1,"13":1,"14":1,"15":1,"16":1,"17":0,"18":0,"19":0,"20":0,"21":0,"22":0,"23":0,"24":0,"25":0,"26":0,"27":0,"28":0,"29":0,"30":0,"31":0,"32":0,"33":0,"34":0,"35":0,"36":0,"37":1,"38":1},"f":{"0":0},"b":{"0":[0,0],"1":[0,0],"2":[0,0],"3":[0,0]},"_coverageSchema":"1a1c01bbd47fc00a2c39e90264f33305004495a9","hash":"d0ba2728fe24bd3be61432d9b8a3c5573270cb90"}
}
