{"/Users/macbook/IP-HCK71/server/app.js": {"path":"/Users/macbook/IP-HCK71/server/app.js","statementMap":{"0":{"start":{"line":1,"column":0},"end":{"line":3,"column":1}},"1":{"start":{"line":2,"column":2},"end":{"line":2,"column":29}},"2":{"start":{"line":5,"column":16},"end":{"line":5,"column":34}},"3":{"start":{"line":6,"column":12},"end":{"line":6,"column":21}},"4":{"start":{"line":7,"column":15},"end":{"line":7,"column":35}},"5":{"start":{"line":9,"column":13},"end":{"line":9,"column":28}},"6":{"start":{"line":11,"column":0},"end":{"line":11,"column":16}},"7":{"start":{"line":12,"column":0},"end":{"line":14,"column":3}},"8":{"start":{"line":13,"column":2},"end":{"line":13,"column":26}},"9":{"start":{"line":16,"column":0},"end":{"line":16,"column":48}},"10":{"start":{"line":17,"column":0},"end":{"line":17,"column":24}},"11":{"start":{"line":19,"column":0},"end":{"line":19,"column":21}},"12":{"start":{"line":21,"column":0},"end":{"line":21,"column":21}}},"fnMap":{"0":{"name":"(anonymous_0)","decl":{"start":{"line":12,"column":17},"end":{"line":12,"column":18}},"loc":{"start":{"line":12,"column":31},"end":{"line":14,"column":1}},"line":12}},"branchMap":{"0":{"loc":{"start":{"line":1,"column":0},"end":{"line":3,"column":1}},"type":"if","locations":[{"start":{"line":1,"column":0},"end":{"line":3,"column":1}},{"start":{},"end":{}}],"line":1}},"s":{"0":1,"1":1,"2":1,"3":1,"4":1,"5":1,"6":1,"7":1,"8":0,"9":1,"10":1,"11":1,"12":1},"f":{"0":0},"b":{"0":[1,0]},"_coverageSchema":"1a1c01bbd47fc00a2c39e90264f33305004495a9","hash":"ddea1ace1cdaeaf0a3433bd7a257e47dbb4892fe"}
,"/Users/macbook/IP-HCK71/server/controllers/openAIController/openAIController.js": {"path":"/Users/macbook/IP-HCK71/server/controllers/openAIController/openAIController.js","statementMap":{"0":{"start":{"line":1,"column":19},"end":{"line":1,"column":36}},"1":{"start":{"line":2,"column":0},"end":{"line":2,"column":27}},"2":{"start":{"line":4,"column":0},"end":{"line":81,"column":2}},"3":{"start":{"line":5,"column":17},"end":{"line":7,"column":4}},"4":{"start":{"line":10,"column":26},"end":{"line":13,"column":5}},"5":{"start":{"line":10,"column":49},"end":{"line":13,"column":3}},"6":{"start":{"line":16,"column":2},"end":{"line":26,"column":3}},"7":{"start":{"line":17,"column":4},"end":{"line":20,"column":7}},"8":{"start":{"line":22,"column":4},"end":{"line":25,"column":7}},"9":{"start":{"line":29,"column":23},"end":{"line":29,"column":87}},"10":{"start":{"line":31,"column":2},"end":{"line":73,"column":5}},"11":{"start":{"line":75,"column":21},"end":{"line":78,"column":4}},"12":{"start":{"line":80,"column":2},"end":{"line":80,"column":47}}},"fnMap":{"0":{"name":"openAI","decl":{"start":{"line":4,"column":32},"end":{"line":4,"column":38}},"loc":{"start":{"line":4,"column":67},"end":{"line":81,"column":1}},"line":4},"1":{"name":"(anonymous_1)","decl":{"start":{"line":10,"column":38},"end":{"line":10,"column":39}},"loc":{"start":{"line":10,"column":49},"end":{"line":13,"column":3}},"line":10}},"branchMap":{"0":{"loc":{"start":{"line":16,"column":2},"end":{"line":26,"column":3}},"type":"if","locations":[{"start":{"line":16,"column":2},"end":{"line":26,"column":3}},{"start":{"line":21,"column":9},"end":{"line":26,"column":3}}],"line":16},"1":{"loc":{"start":{"line":29,"column":23},"end":{"line":29,"column":87}},"type":"cond-expr","locations":[{"start":{"line":29,"column":44},"end":{"line":29,"column":80}},{"start":{"line":29,"column":83},"end":{"line":29,"column":87}}],"line":29},"2":{"loc":{"start":{"line":34,"column":4},"end":{"line":72,"column":5}},"type":"cond-expr","locations":[{"start":{"line":35,"column":4},"end":{"line":48,"column":5}},{"start":{"line":48,"column":8},"end":{"line":72,"column":5}}],"line":34}},"s":{"0":1,"1":1,"2":1,"3":0,"4":0,"5":0,"6":0,"7":0,"8":0,"9":0,"10":0,"11":0,"12":0},"f":{"0":0,"1":0},"b":{"0":[0,0],"1":[0,0],"2":[0,0]},"_coverageSchema":"1a1c01bbd47fc00a2c39e90264f33305004495a9","hash":"8e2d5b733fbb504927725f4c91f38a8275f1f91f"}
,"/Users/macbook/IP-HCK71/server/controllers/userController/userController.js": {"path":"/Users/macbook/IP-HCK71/server/controllers/userController/userController.js","statementMap":{"0":{"start":{"line":4,"column":4},"end":{"line":4,"column":42}},"1":{"start":{"line":5,"column":22},"end":{"line":5,"column":54}},"2":{"start":{"line":6,"column":17},"end":{"line":6,"column":40}},"3":{"start":{"line":10,"column":4},"end":{"line":15,"column":5}},"4":{"start":{"line":11,"column":19},"end":{"line":11,"column":39}},"5":{"start":{"line":12,"column":6},"end":{"line":12,"column":33}},"6":{"start":{"line":14,"column":6},"end":{"line":14,"column":18}},"7":{"start":{"line":19,"column":4},"end":{"line":32,"column":5}},"8":{"start":{"line":20,"column":42},"end":{"line":20,"column":50}},"9":{"start":{"line":21,"column":17},"end":{"line":25,"column":8}},"10":{"start":{"line":27,"column":6},"end":{"line":29,"column":79}},"11":{"start":{"line":31,"column":6},"end":{"line":31,"column":18}},"12":{"start":{"line":36,"column":4},"end":{"line":61,"column":5}},"13":{"start":{"line":37,"column":32},"end":{"line":37,"column":40}},"14":{"start":{"line":39,"column":6},"end":{"line":41,"column":7}},"15":{"start":{"line":40,"column":8},"end":{"line":40,"column":37}},"16":{"start":{"line":43,"column":6},"end":{"line":45,"column":7}},"17":{"start":{"line":44,"column":8},"end":{"line":44,"column":40}},"18":{"start":{"line":47,"column":17},"end":{"line":51,"column":8}},"19":{"start":{"line":53,"column":6},"end":{"line":54,"column":39}},"20":{"start":{"line":54,"column":8},"end":{"line":54,"column":39}},"21":{"start":{"line":56,"column":6},"end":{"line":58,"column":9}},"22":{"start":{"line":60,"column":6},"end":{"line":60,"column":18}},"23":{"start":{"line":65,"column":4},"end":{"line":90,"column":5}},"24":{"start":{"line":66,"column":19},"end":{"line":66,"column":29}},"25":{"start":{"line":67,"column":42},"end":{"line":67,"column":50}},"26":{"start":{"line":68,"column":6},"end":{"line":68,"column":40}},"27":{"start":{"line":69,"column":17},"end":{"line":69,"column":40}},"28":{"start":{"line":71,"column":6},"end":{"line":73,"column":7}},"29":{"start":{"line":72,"column":8},"end":{"line":72,"column":35}},"30":{"start":{"line":75,"column":6},"end":{"line":84,"column":8}},"31":{"start":{"line":86,"column":6},"end":{"line":86,"column":64}},"32":{"start":{"line":88,"column":6},"end":{"line":88,"column":25}},"33":{"start":{"line":89,"column":6},"end":{"line":89,"column":18}},"34":{"start":{"line":94,"column":4},"end":{"line":110,"column":5}},"35":{"start":{"line":95,"column":19},"end":{"line":95,"column":29}},"36":{"start":{"line":96,"column":19},"end":{"line":96,"column":42}},"37":{"start":{"line":97,"column":6},"end":{"line":97,"column":26}},"38":{"start":{"line":98,"column":27},"end":{"line":100,"column":8}},"39":{"start":{"line":102,"column":6},"end":{"line":104,"column":7}},"40":{"start":{"line":103,"column":8},"end":{"line":103,"column":35}},"41":{"start":{"line":106,"column":6},"end":{"line":106,"column":71}},"42":{"start":{"line":108,"column":8},"end":{"line":108,"column":27}},"43":{"start":{"line":109,"column":6},"end":{"line":109,"column":18}},"44":{"start":{"line":116,"column":0},"end":{"line":116,"column":32}}},"fnMap":{"0":{"name":"(anonymous_0)","decl":{"start":{"line":9,"column":2},"end":{"line":9,"column":3}},"loc":{"start":{"line":9,"column":39},"end":{"line":16,"column":3}},"line":9},"1":{"name":"(anonymous_1)","decl":{"start":{"line":18,"column":2},"end":{"line":18,"column":3}},"loc":{"start":{"line":18,"column":44},"end":{"line":33,"column":3}},"line":18},"2":{"name":"(anonymous_2)","decl":{"start":{"line":35,"column":2},"end":{"line":35,"column":3}},"loc":{"start":{"line":35,"column":41},"end":{"line":62,"column":3}},"line":35},"3":{"name":"(anonymous_3)","decl":{"start":{"line":64,"column":2},"end":{"line":64,"column":3}},"loc":{"start":{"line":64,"column":46},"end":{"line":91,"column":3}},"line":64},"4":{"name":"(anonymous_4)","decl":{"start":{"line":93,"column":2},"end":{"line":93,"column":3}},"loc":{"start":{"line":93,"column":46},"end":{"line":111,"column":3}},"line":93}},"branchMap":{"0":{"loc":{"start":{"line":39,"column":6},"end":{"line":41,"column":7}},"type":"if","locations":[{"start":{"line":39,"column":6},"end":{"line":41,"column":7}},{"start":{},"end":{}}],"line":39},"1":{"loc":{"start":{"line":43,"column":6},"end":{"line":45,"column":7}},"type":"if","locations":[{"start":{"line":43,"column":6},"end":{"line":45,"column":7}},{"start":{},"end":{}}],"line":43},"2":{"loc":{"start":{"line":53,"column":6},"end":{"line":54,"column":39}},"type":"if","locations":[{"start":{"line":53,"column":6},"end":{"line":54,"column":39}},{"start":{},"end":{}}],"line":53},"3":{"loc":{"start":{"line":53,"column":10},"end":{"line":53,"column":60}},"type":"binary-expr","locations":[{"start":{"line":53,"column":10},"end":{"line":53,"column":15}},{"start":{"line":53,"column":19},"end":{"line":53,"column":60}}],"line":53},"4":{"loc":{"start":{"line":71,"column":6},"end":{"line":73,"column":7}},"type":"if","locations":[{"start":{"line":71,"column":6},"end":{"line":73,"column":7}},{"start":{},"end":{}}],"line":71},"5":{"loc":{"start":{"line":102,"column":6},"end":{"line":104,"column":7}},"type":"if","locations":[{"start":{"line":102,"column":6},"end":{"line":104,"column":7}},{"start":{},"end":{}}],"line":102}},"s":{"0":1,"1":1,"2":1,"3":0,"4":0,"5":0,"6":0,"7":0,"8":0,"9":0,"10":0,"11":0,"12":5,"13":5,"14":5,"15":1,"16":4,"17":1,"18":3,"19":0,"20":0,"21":0,"22":5,"23":0,"24":0,"25":0,"26":0,"27":0,"28":0,"29":0,"30":0,"31":0,"32":0,"33":0,"34":0,"35":0,"36":0,"37":0,"38":0,"39":0,"40":0,"41":0,"42":0,"43":0,"44":1},"f":{"0":0,"1":0,"2":5,"3":0,"4":0},"b":{"0":[1,4],"1":[1,3],"2":[0,0],"3":[0,0],"4":[0,0],"5":[0,0]},"_coverageSchema":"1a1c01bbd47fc00a2c39e90264f33305004495a9","hash":"8c16107f5f15db1b2b182333f103cae08659baae"}
,"/Users/macbook/IP-HCK71/server/helpers/bcrypt/bcrypt.js": {"path":"/Users/macbook/IP-HCK71/server/helpers/bcrypt/bcrypt.js","statementMap":{"0":{"start":{"line":1,"column":34},"end":{"line":1,"column":53}},"1":{"start":{"line":3,"column":0},"end":{"line":10,"column":2}},"2":{"start":{"line":5,"column":4},"end":{"line":5,"column":34}},"3":{"start":{"line":8,"column":4},"end":{"line":8,"column":48}}},"fnMap":{"0":{"name":"(anonymous_0)","decl":{"start":{"line":4,"column":16},"end":{"line":4,"column":17}},"loc":{"start":{"line":4,"column":30},"end":{"line":6,"column":3}},"line":4},"1":{"name":"(anonymous_1)","decl":{"start":{"line":7,"column":19},"end":{"line":7,"column":20}},"loc":{"start":{"line":7,"column":49},"end":{"line":9,"column":3}},"line":7}},"branchMap":{},"s":{"0":1,"1":1,"2":0,"3":0},"f":{"0":0,"1":0},"b":{},"_coverageSchema":"1a1c01bbd47fc00a2c39e90264f33305004495a9","hash":"aef6e483ac51dea05bf200804ad01877d3d128ab"}
,"/Users/macbook/IP-HCK71/server/helpers/jwt/jwt.js": {"path":"/Users/macbook/IP-HCK71/server/helpers/jwt/jwt.js","statementMap":{"0":{"start":{"line":1,"column":25},"end":{"line":1,"column":48}},"1":{"start":{"line":2,"column":13},"end":{"line":2,"column":35}},"2":{"start":{"line":4,"column":0},"end":{"line":7,"column":2}},"3":{"start":{"line":5,"column":26},"end":{"line":5,"column":47}},"4":{"start":{"line":6,"column":26},"end":{"line":6,"column":47}}},"fnMap":{"0":{"name":"(anonymous_0)","decl":{"start":{"line":5,"column":13},"end":{"line":5,"column":14}},"loc":{"start":{"line":5,"column":26},"end":{"line":5,"column":47}},"line":5},"1":{"name":"(anonymous_1)","decl":{"start":{"line":6,"column":15},"end":{"line":6,"column":16}},"loc":{"start":{"line":6,"column":26},"end":{"line":6,"column":47}},"line":6}},"branchMap":{},"s":{"0":1,"1":1,"2":1,"3":0,"4":0},"f":{"0":0,"1":0},"b":{},"_coverageSchema":"1a1c01bbd47fc00a2c39e90264f33305004495a9","hash":"08eb061b35333f7d077ce73eeb109e2811f597b3"}
,"/Users/macbook/IP-HCK71/server/middlewares/authentication/authentication.js": {"path":"/Users/macbook/IP-HCK71/server/middlewares/authentication/authentication.js","statementMap":{"0":{"start":{"line":1,"column":35},"end":{"line":1,"column":67}},"1":{"start":{"line":2,"column":17},"end":{"line":2,"column":40}},"2":{"start":{"line":4,"column":23},"end":{"line":23,"column":1}},"3":{"start":{"line":5,"column":2},"end":{"line":22,"column":3}},"4":{"start":{"line":6,"column":22},"end":{"line":6,"column":47}},"5":{"start":{"line":7,"column":4},"end":{"line":7,"column":53}},"6":{"start":{"line":7,"column":22},"end":{"line":7,"column":53}},"7":{"start":{"line":9,"column":28},"end":{"line":9,"column":50}},"8":{"start":{"line":10,"column":4},"end":{"line":10,"column":60}},"9":{"start":{"line":10,"column":29},"end":{"line":10,"column":60}},"10":{"start":{"line":12,"column":20},"end":{"line":12,"column":38}},"11":{"start":{"line":13,"column":17},"end":{"line":13,"column":48}},"12":{"start":{"line":15,"column":4},"end":{"line":15,"column":46}},"13":{"start":{"line":15,"column":15},"end":{"line":15,"column":46}},"14":{"start":{"line":16,"column":4},"end":{"line":18,"column":8}},"15":{"start":{"line":19,"column":6},"end":{"line":19,"column":13}},"16":{"start":{"line":21,"column":4},"end":{"line":21,"column":16}},"17":{"start":{"line":25,"column":0},"end":{"line":25,"column":32}}},"fnMap":{"0":{"name":"(anonymous_0)","decl":{"start":{"line":4,"column":23},"end":{"line":4,"column":24}},"loc":{"start":{"line":4,"column":49},"end":{"line":23,"column":1}},"line":4}},"branchMap":{"0":{"loc":{"start":{"line":7,"column":4},"end":{"line":7,"column":53}},"type":"if","locations":[{"start":{"line":7,"column":4},"end":{"line":7,"column":53}},{"start":{},"end":{}}],"line":7},"1":{"loc":{"start":{"line":10,"column":4},"end":{"line":10,"column":60}},"type":"if","locations":[{"start":{"line":10,"column":4},"end":{"line":10,"column":60}},{"start":{},"end":{}}],"line":10},"2":{"loc":{"start":{"line":15,"column":4},"end":{"line":15,"column":46}},"type":"if","locations":[{"start":{"line":15,"column":4},"end":{"line":15,"column":46}},{"start":{},"end":{}}],"line":15}},"s":{"0":1,"1":1,"2":1,"3":0,"4":0,"5":0,"6":0,"7":0,"8":0,"9":0,"10":0,"11":0,"12":0,"13":0,"14":0,"15":0,"16":0,"17":1},"f":{"0":0},"b":{"0":[0,0],"1":[0,0],"2":[0,0]},"_coverageSchema":"1a1c01bbd47fc00a2c39e90264f33305004495a9","hash":"86952cb01dd6e9a7a54c388da5358ced1b87a31f"}
,"/Users/macbook/IP-HCK71/server/middlewares/authorization/authorization.js": {"path":"/Users/macbook/IP-HCK71/server/middlewares/authorization/authorization.js","statementMap":{"0":{"start":{"line":1,"column":17},"end":{"line":1,"column":41}},"1":{"start":{"line":3,"column":22},"end":{"line":18,"column":1}},"2":{"start":{"line":4,"column":2},"end":{"line":17,"column":3}},"3":{"start":{"line":5,"column":15},"end":{"line":5,"column":38}},"4":{"start":{"line":6,"column":4},"end":{"line":6,"column":42}},"5":{"start":{"line":6,"column":15},"end":{"line":6,"column":42}},"6":{"start":{"line":8,"column":4},"end":{"line":14,"column":5}},"7":{"start":{"line":9,"column":6},"end":{"line":9,"column":13}},"8":{"start":{"line":11,"column":6},"end":{"line":13,"column":8}},"9":{"start":{"line":16,"column":4},"end":{"line":16,"column":16}},"10":{"start":{"line":20,"column":0},"end":{"line":20,"column":35}}},"fnMap":{"0":{"name":"(anonymous_0)","decl":{"start":{"line":3,"column":22},"end":{"line":3,"column":23}},"loc":{"start":{"line":3,"column":48},"end":{"line":18,"column":1}},"line":3}},"branchMap":{"0":{"loc":{"start":{"line":6,"column":4},"end":{"line":6,"column":42}},"type":"if","locations":[{"start":{"line":6,"column":4},"end":{"line":6,"column":42}},{"start":{},"end":{}}],"line":6},"1":{"loc":{"start":{"line":8,"column":4},"end":{"line":14,"column":5}},"type":"if","locations":[{"start":{"line":8,"column":4},"end":{"line":14,"column":5}},{"start":{"line":10,"column":11},"end":{"line":14,"column":5}}],"line":8}},"s":{"0":1,"1":1,"2":0,"3":0,"4":0,"5":0,"6":0,"7":0,"8":0,"9":0,"10":1},"f":{"0":0},"b":{"0":[0,0],"1":[0,0]},"_coverageSchema":"1a1c01bbd47fc00a2c39e90264f33305004495a9","hash":"612e30c5aff88815aa02983dced3f2fa4cd6bb8e"}
,"/Users/macbook/IP-HCK71/server/middlewares/errorHandler/errorHandler.js": {"path":"/Users/macbook/IP-HCK71/server/middlewares/errorHandler/errorHandler.js","statementMap":{"0":{"start":{"line":1,"column":0},"end":{"line":48,"column":2}},"1":{"start":{"line":2,"column":15},"end":{"line":2,"column":34}},"2":{"start":{"line":3,"column":16},"end":{"line":3,"column":56}},"3":{"start":{"line":5,"column":2},"end":{"line":44,"column":3}},"4":{"start":{"line":7,"column":6},"end":{"line":7,"column":19}},"5":{"start":{"line":8,"column":6},"end":{"line":8,"column":45}},"6":{"start":{"line":9,"column":6},"end":{"line":9,"column":12}},"7":{"start":{"line":12,"column":6},"end":{"line":12,"column":19}},"8":{"start":{"line":13,"column":6},"end":{"line":13,"column":40}},"9":{"start":{"line":14,"column":6},"end":{"line":14,"column":12}},"10":{"start":{"line":16,"column":6},"end":{"line":16,"column":19}},"11":{"start":{"line":17,"column":6},"end":{"line":17,"column":46}},"12":{"start":{"line":18,"column":6},"end":{"line":18,"column":12}},"13":{"start":{"line":21,"column":6},"end":{"line":21,"column":19}},"14":{"start":{"line":22,"column":6},"end":{"line":22,"column":31}},"15":{"start":{"line":23,"column":6},"end":{"line":23,"column":12}},"16":{"start":{"line":25,"column":6},"end":{"line":25,"column":19}},"17":{"start":{"line":26,"column":6},"end":{"line":26,"column":41}},"18":{"start":{"line":27,"column":6},"end":{"line":27,"column":12}},"19":{"start":{"line":29,"column":6},"end":{"line":29,"column":19}},"20":{"start":{"line":30,"column":6},"end":{"line":30,"column":33}},"21":{"start":{"line":31,"column":6},"end":{"line":31,"column":12}},"22":{"start":{"line":33,"column":6},"end":{"line":33,"column":19}},"23":{"start":{"line":34,"column":6},"end":{"line":34,"column":32}},"24":{"start":{"line":35,"column":6},"end":{"line":35,"column":12}},"25":{"start":{"line":37,"column":6},"end":{"line":37,"column":19}},"26":{"start":{"line":38,"column":6},"end":{"line":38,"column":40}},"27":{"start":{"line":39,"column":6},"end":{"line":39,"column":12}},"28":{"start":{"line":41,"column":6},"end":{"line":41,"column":19}},"29":{"start":{"line":42,"column":6},"end":{"line":42,"column":43}},"30":{"start":{"line":43,"column":6},"end":{"line":43,"column":12}},"31":{"start":{"line":45,"column":2},"end":{"line":47,"column":5}}},"fnMap":{"0":{"name":"errorHandler","decl":{"start":{"line":1,"column":26},"end":{"line":1,"column":38}},"loc":{"start":{"line":1,"column":71},"end":{"line":48,"column":1}},"line":1}},"branchMap":{"0":{"loc":{"start":{"line":2,"column":15},"end":{"line":2,"column":34}},"type":"binary-expr","locations":[{"start":{"line":2,"column":15},"end":{"line":2,"column":27}},{"start":{"line":2,"column":31},"end":{"line":2,"column":34}}],"line":2},"1":{"loc":{"start":{"line":3,"column":16},"end":{"line":3,"column":56}},"type":"binary-expr","locations":[{"start":{"line":3,"column":16},"end":{"line":3,"column":29}},{"start":{"line":3,"column":33},"end":{"line":3,"column":56}}],"line":3},"2":{"loc":{"start":{"line":5,"column":2},"end":{"line":44,"column":3}},"type":"switch","locations":[{"start":{"line":6,"column":4},"end":{"line":9,"column":12}},{"start":{"line":10,"column":4},"end":{"line":10,"column":42}},{"start":{"line":11,"column":4},"end":{"line":14,"column":12}},{"start":{"line":15,"column":4},"end":{"line":18,"column":12}},{"start":{"line":19,"column":4},"end":{"line":19,"column":24}},{"start":{"line":20,"column":4},"end":{"line":23,"column":12}},{"start":{"line":24,"column":4},"end":{"line":27,"column":12}},{"start":{"line":28,"column":4},"end":{"line":31,"column":12}},{"start":{"line":32,"column":4},"end":{"line":35,"column":12}},{"start":{"line":36,"column":4},"end":{"line":39,"column":12}},{"start":{"line":40,"column":4},"end":{"line":43,"column":12}}],"line":5}},"s":{"0":1,"1":5,"2":5,"3":5,"4":0,"5":0,"6":0,"7":0,"8":0,"9":0,"10":0,"11":0,"12":0,"13":0,"14":0,"15":0,"16":0,"17":0,"18":0,"19":0,"20":0,"21":0,"22":0,"23":0,"24":0,"25":1,"26":1,"27":1,"28":1,"29":1,"30":1,"31":5},"f":{"0":5},"b":{"0":[5,5],"1":[5,2],"2":[0,0,0,0,0,0,0,0,0,1,1]},"_coverageSchema":"1a1c01bbd47fc00a2c39e90264f33305004495a9","hash":"88005d686d3081ad20258e3aa6169653002260c2"}
,"/Users/macbook/IP-HCK71/server/models/index.js": {"path":"/Users/macbook/IP-HCK71/server/models/index.js","statementMap":{"0":{"start":{"line":3,"column":11},"end":{"line":3,"column":24}},"1":{"start":{"line":4,"column":13},"end":{"line":4,"column":28}},"2":{"start":{"line":5,"column":18},"end":{"line":5,"column":38}},"3":{"start":{"line":6,"column":16},"end":{"line":6,"column":34}},"4":{"start":{"line":7,"column":17},"end":{"line":7,"column":42}},"5":{"start":{"line":8,"column":12},"end":{"line":8,"column":49}},"6":{"start":{"line":9,"column":15},"end":{"line":9,"column":65}},"7":{"start":{"line":10,"column":11},"end":{"line":10,"column":13}},"8":{"start":{"line":13,"column":0},"end":{"line":17,"column":1}},"9":{"start":{"line":14,"column":2},"end":{"line":14,"column":74}},"10":{"start":{"line":16,"column":2},"end":{"line":16,"column":87}},"11":{"start":{"line":19,"column":0},"end":{"line":32,"column":5}},"12":{"start":{"line":22,"column":4},"end":{"line":27,"column":6}},"13":{"start":{"line":30,"column":18},"end":{"line":30,"column":85}},"14":{"start":{"line":31,"column":4},"end":{"line":31,"column":27}},"15":{"start":{"line":34,"column":0},"end":{"line":38,"column":3}},"16":{"start":{"line":35,"column":2},"end":{"line":37,"column":3}},"17":{"start":{"line":36,"column":4},"end":{"line":36,"column":32}},"18":{"start":{"line":40,"column":0},"end":{"line":40,"column":25}},"19":{"start":{"line":41,"column":0},"end":{"line":41,"column":25}},"20":{"start":{"line":43,"column":0},"end":{"line":43,"column":20}}},"fnMap":{"0":{"name":"(anonymous_0)","decl":{"start":{"line":21,"column":10},"end":{"line":21,"column":11}},"loc":{"start":{"line":21,"column":18},"end":{"line":28,"column":3}},"line":21},"1":{"name":"(anonymous_1)","decl":{"start":{"line":29,"column":11},"end":{"line":29,"column":12}},"loc":{"start":{"line":29,"column":19},"end":{"line":32,"column":3}},"line":29},"2":{"name":"(anonymous_2)","decl":{"start":{"line":34,"column":24},"end":{"line":34,"column":25}},"loc":{"start":{"line":34,"column":37},"end":{"line":38,"column":1}},"line":34}},"branchMap":{"0":{"loc":{"start":{"line":8,"column":12},"end":{"line":8,"column":49}},"type":"binary-expr","locations":[{"start":{"line":8,"column":12},"end":{"line":8,"column":32}},{"start":{"line":8,"column":36},"end":{"line":8,"column":49}}],"line":8},"1":{"loc":{"start":{"line":13,"column":0},"end":{"line":17,"column":1}},"type":"if","locations":[{"start":{"line":13,"column":0},"end":{"line":17,"column":1}},{"start":{"line":15,"column":7},"end":{"line":17,"column":1}}],"line":13},"2":{"loc":{"start":{"line":23,"column":6},"end":{"line":26,"column":37}},"type":"binary-expr","locations":[{"start":{"line":23,"column":6},"end":{"line":23,"column":29}},{"start":{"line":24,"column":6},"end":{"line":24,"column":23}},{"start":{"line":25,"column":6},"end":{"line":25,"column":30}},{"start":{"line":26,"column":6},"end":{"line":26,"column":37}}],"line":23},"3":{"loc":{"start":{"line":35,"column":2},"end":{"line":37,"column":3}},"type":"if","locations":[{"start":{"line":35,"column":2},"end":{"line":37,"column":3}},{"start":{},"end":{}}],"line":35}},"s":{"0":1,"1":1,"2":1,"3":1,"4":1,"5":1,"6":1,"7":1,"8":1,"9":0,"10":1,"11":1,"12":2,"13":1,"14":1,"15":1,"16":1,"17":1,"18":1,"19":1,"20":1},"f":{"0":2,"1":1,"2":1},"b":{"0":[1,0],"1":[0,1],"2":[2,2,1,1],"3":[1,0]},"_coverageSchema":"1a1c01bbd47fc00a2c39e90264f33305004495a9","hash":"c93baa2c5303cae7f6ea4e4b40e4db846066fa92"}
,"/Users/macbook/IP-HCK71/server/models/user.js": {"path":"/Users/macbook/IP-HCK71/server/models/user.js","statementMap":{"0":{"start":{"line":2,"column":18},"end":{"line":2,"column":38}},"1":{"start":{"line":3,"column":25},"end":{"line":3,"column":60}},"2":{"start":{"line":4,"column":0},"end":{"line":77,"column":2}},"3":{"start":{"line":15,"column":2},"end":{"line":75,"column":4}},"4":{"start":{"line":71,"column":10},"end":{"line":71,"column":54}},"5":{"start":{"line":76,"column":2},"end":{"line":76,"column":14}}},"fnMap":{"0":{"name":"(anonymous_0)","decl":{"start":{"line":4,"column":17},"end":{"line":4,"column":18}},"loc":{"start":{"line":4,"column":43},"end":{"line":77,"column":1}},"line":4},"1":{"name":"(anonymous_1)","decl":{"start":{"line":11,"column":4},"end":{"line":11,"column":5}},"loc":{"start":{"line":11,"column":29},"end":{"line":13,"column":5}},"line":11},"2":{"name":"(anonymous_2)","decl":{"start":{"line":70,"column":22},"end":{"line":70,"column":23}},"loc":{"start":{"line":70,"column":40},"end":{"line":72,"column":9}},"line":70}},"branchMap":{},"s":{"0":1,"1":1,"2":1,"3":1,"4":0,"5":1},"f":{"0":1,"1":1,"2":0},"b":{},"_coverageSchema":"1a1c01bbd47fc00a2c39e90264f33305004495a9","hash":"c398b9db8b33a2832d8ba2e16c45b0d5ee34a299"}
,"/Users/macbook/IP-HCK71/server/routers/index.js": {"path":"/Users/macbook/IP-HCK71/server/routers/index.js","statementMap":{"0":{"start":{"line":1,"column":16},"end":{"line":1,"column":34}},"1":{"start":{"line":2,"column":15},"end":{"line":2,"column":31}},"2":{"start":{"line":4,"column":23},"end":{"line":4,"column":78}},"3":{"start":{"line":5,"column":15},"end":{"line":5,"column":74}},"4":{"start":{"line":7,"column":21},"end":{"line":7,"column":72}},"5":{"start":{"line":8,"column":23},"end":{"line":8,"column":78}},"6":{"start":{"line":9,"column":22},"end":{"line":9,"column":75}},"7":{"start":{"line":11,"column":0},"end":{"line":11,"column":15}},"8":{"start":{"line":12,"column":0},"end":{"line":12,"column":53}},"9":{"start":{"line":13,"column":0},"end":{"line":13,"column":47}},"10":{"start":{"line":15,"column":0},"end":{"line":15,"column":26}},"11":{"start":{"line":17,"column":0},"end":{"line":17,"column":54}},"12":{"start":{"line":18,"column":0},"end":{"line":18,"column":59}},"13":{"start":{"line":22,"column":14},"end":{"line":22,"column":16}},"14":{"start":{"line":23,"column":12},"end":{"line":23,"column":16}},"15":{"start":{"line":24,"column":0},"end":{"line":61,"column":7}},"16":{"start":{"line":25,"column":27},"end":{"line":25,"column":35}},"17":{"start":{"line":26,"column":4},"end":{"line":60,"column":7}},"18":{"start":{"line":28,"column":8},"end":{"line":36,"column":9}},"19":{"start":{"line":29,"column":10},"end":{"line":29,"column":29}},"20":{"start":{"line":30,"column":34},"end":{"line":33,"column":11}},"21":{"start":{"line":34,"column":10},"end":{"line":34,"column":36}},"22":{"start":{"line":35,"column":10},"end":{"line":35,"column":17}},"23":{"start":{"line":38,"column":31},"end":{"line":38,"column":71}},"24":{"start":{"line":39,"column":25},"end":{"line":39,"column":51}},"25":{"start":{"line":42,"column":8},"end":{"line":44,"column":9}},"26":{"start":{"line":43,"column":10},"end":{"line":43,"column":58}},"27":{"start":{"line":47,"column":8},"end":{"line":53,"column":9}},"28":{"start":{"line":48,"column":10},"end":{"line":48,"column":23}},"29":{"start":{"line":49,"column":10},"end":{"line":49,"column":23}},"30":{"start":{"line":50,"column":15},"end":{"line":53,"column":9}},"31":{"start":{"line":52,"column":10},"end":{"line":52,"column":70}},"32":{"start":{"line":55,"column":8},"end":{"line":55,"column":27}},"33":{"start":{"line":56,"column":8},"end":{"line":56,"column":29}},"34":{"start":{"line":58,"column":8},"end":{"line":58,"column":27}},"35":{"start":{"line":59,"column":8},"end":{"line":59,"column":92}},"36":{"start":{"line":64,"column":0},"end":{"line":64,"column":25}},"37":{"start":{"line":66,"column":0},"end":{"line":66,"column":24}}},"fnMap":{"0":{"name":"(anonymous_0)","decl":{"start":{"line":24,"column":21},"end":{"line":24,"column":22}},"loc":{"start":{"line":24,"column":41},"end":{"line":61,"column":5}},"line":24}},"branchMap":{"0":{"loc":{"start":{"line":28,"column":8},"end":{"line":36,"column":9}},"type":"if","locations":[{"start":{"line":28,"column":8},"end":{"line":36,"column":9}},{"start":{},"end":{}}],"line":28},"1":{"loc":{"start":{"line":42,"column":8},"end":{"line":44,"column":9}},"type":"if","locations":[{"start":{"line":42,"column":8},"end":{"line":44,"column":9}},{"start":{},"end":{}}],"line":42},"2":{"loc":{"start":{"line":47,"column":8},"end":{"line":53,"column":9}},"type":"if","locations":[{"start":{"line":47,"column":8},"end":{"line":53,"column":9}},{"start":{"line":50,"column":15},"end":{"line":53,"column":9}}],"line":47},"3":{"loc":{"start":{"line":50,"column":15},"end":{"line":53,"column":9}},"type":"if","locations":[{"start":{"line":50,"column":15},"end":{"line":53,"column":9}},{"start":{},"end":{}}],"line":50}},"s":{"0":1,"1":1,"2":1,"3":1,"4":1,"5":1,"6":1,"7":1,"8":1,"9":1,"10":1,"11":1,"12":1,"13":1,"14":1,"15":1,"16":0,"17":0,"18":0,"19":0,"20":0,"21":0,"22":0,"23":0,"24":0,"25":0,"26":0,"27":0,"28":0,"29":0,"30":0,"31":0,"32":0,"33":0,"34":0,"35":0,"36":1,"37":1},"f":{"0":0},"b":{"0":[0,0],"1":[0,0],"2":[0,0],"3":[0,0]},"_coverageSchema":"1a1c01bbd47fc00a2c39e90264f33305004495a9","hash":"905dc38bba8a9c4437a662bc774c8768afd7b8a9"}
}
